<?xml version="1.0" encoding="utf-8"?><testsuites name="pytest tests"><testsuite name="pytest" errors="0" failures="0" skipped="0" tests="82" time="83.429" timestamp="2026-06-21T19:24:01.812951+05:30" hostname="Nathish_ASUS"><testcase classname="test_anomaly" name="test_steady_normal_scores_low" time="2.159" /><testcase classname="test_anomaly" name="test_rising_trend_climbs_past_high" time="1.178" /><testcase classname="test_anomaly" name="test_low_variance_warmup_no_false_critical" time="1.583" /><testcase classname="test_anomaly" name="test_representative_normal_calibrated_very_low" time="2.318" /><testcase classname="test_anomaly" name="test_gated_training_prevents_inversion" time="6.481" /><testcase classname="test_anomaly" name="test_steady_normal_medium_rate_under_5pct" time="2.578" /><testcase classname="test_aria.TestAriaChatbot" name="test_entity_resolution" time="0.444" /><testcase classname="test_aria.TestAriaChatbot" name="test_fallback_rendering" time="0.001" /><testcase classname="test_aria.TestAriaChatbot" name="test_linear_regression_extrapolation" time="0.002" /><testcase classname="test_aria.TestAriaChatbot" name="test_out_of_domain_detection" time="0.001" /><testcase classname="test_aria.TestAriaChatbot" name="test_targeted_fallback_templates" time="0.001" /><testcase classname="test_aria.TestAriaChatbot" name="test_zone_for_machine" time="0.001" /><testcase classname="test_aria.TestAriaChatbot" name="test_zone_scoping" time="0.021" /><testcase classname="test_aria.TestAriaEndpoint" name="test_aria_ask_endpoint_out_of_domain" time="0.818" /><testcase classname="test_aria.TestAriaEndpoint" name="test_aria_ask_endpoint_personal_tasks" time="6.666" /><testcase classname="test_aria.TestAriaEndpoint" name="test_aria_ask_endpoint_scoping" time="15.365" /><testcase classname="test_auth" name="test_a_seed_creates_21_users" time="1.324" /><testcase classname="test_auth" name="test_b_login_correct_and_wrong" time="1.804" /><testcase classname="test_auth" name="test_c_me_valid_missing_tampered_expired" time="1.005" /><testcase classname="test_auth" name="test_d_technician_token_zone_matches_engineer" time="0.931" /><testcase classname="test_auth" name="test_logout_requires_auth_then_ok" time="0.790" /><testcase classname="test_auth" name="test_public_routes_token_free" time="0.674" /><testcase classname="test_auth" name="test_scoped_routes_require_token" time="0.029" /><testcase classname="test_dedup" name="test_consecutive_same_fault_creates_one_task" time="0.995" /><testcase classname="test_dedup" name="test_different_category_same_machine_creates_separate_task" time="1.045" /><testcase classname="test_dedup" name="test_resolved_fault_allows_new_task" time="0.926" /><testcase classname="test_dedup" name="test_nuisance_never_creates_task" time="0.919" /><testcase classname="test_employee_crud" name="test_a_plant_create_engineer_and_login" time="2.671" /><testcase classname="test_employee_crud" name="test_b_non_plant_create_403" time="1.294" /><testcase classname="test_employee_crud" name="test_c_d_deactivate_excludes_then_activate_restores" time="1.311" /><testcase classname="test_employee_crud" name="test_e_validation_and_auth_codes" time="1.214" /><testcase classname="test_employee_crud" name="test_get_engineers_scoped" time="1.152" /><testcase classname="test_employee_crud" name="test_deactivate_rotates_tasks" time="1.317" /><testcase classname="test_employee_crud" name="test_deactivate_fallback_to_unassigned" time="1.169" /><testcase classname="test_is_early" name="test_a_predictive_divergence_high_is_early" time="0.001" /><testcase classname="test_is_early" name="test_b_anomaly_only_medium_is_early" time="0.001" /><testcase classname="test_is_early" name="test_c_anomaly_only_low_not_early" time="0.001" /><testcase classname="test_is_early" name="test_d_nuisance_never_early" time="0.001" /><testcase classname="test_is_early" name="test_e_gateway_critical_not_early" time="0.001" /><testcase classname="test_is_early" name="test_f_normal_priority_predictive_is_early" time="0.001" /><testcase classname="test_is_early" name="test_g_predictive_warming_up_not_early" time="0.001" /><testcase classname="test_is_early" name="test_h_anomaly_only_warming_up_not_early" time="0.001" /><testcase classname="test_is_early" name="test_failsafe_missing_fields_not_early" time="0.001" /><testcase classname="test_is_early" name="test_badge_implies_assign" time="0.001" /><testcase classname="test_risk" name="test_a_anomaly_only_high_capped_to_medium" time="0.001" /><testcase classname="test_risk" name="test_b_predictive_uncapped_goes_high" time="0.001" /><testcase classname="test_risk" name="test_c_gateway_critical_uncapped" time="0.001" /><testcase classname="test_risk" name="test_d_anomaly_only_medium_unchanged" time="0.001" /><testcase classname="test_risk" name="test_failsafe_missing_fields_caps" time="0.001" /><testcase classname="test_scoping" name="test_a_plant_sees_all_zones" time="1.096" /><testcase classname="test_scoping" name="test_b_fieldC_sees_only_zone_C" time="0.536" /><testcase classname="test_scoping" name="test_c_technician_sees_only_own_tasks" time="0.659" /><testcase classname="test_scoping" name="test_d_technician_resolve_others_task_403" time="0.589" /><testcase classname="test_scoping" name="test_e_field_manager_resolve_out_of_zone_403" time="0.612" /><testcase classname="test_scoping" name="test_f_no_token_401" time="0.035" /><testcase classname="test_scoping" name="test_g_plant_resolves_any_task_200" time="0.628" /><testcase classname="test_scoping" name="test_technician_resolves_own_task_200" time="0.743" /><testcase classname="test_scoping" name="test_field_manager_resolves_in_zone_200" time="0.733" /><testcase classname="test_scoping" name="test_h_cross_zone_task_visible_to_machine_zone_manager" time="1.453" /><testcase classname="test_scoping" name="test_i_unassigned_task_visible_to_zone_manager_not_technician" time="1.929" /><testcase classname="test_scoping" name="test_j_field_manager_resolves_cross_zone_machine_task_200" time="0.750" /><testcase classname="test_segregation" name="test_nuisance_warning_is_not_assigned" time="0.001" /><testcase classname="test_segregation" name="test_nuisance_with_hot_anomaly_is_not_assigned" time="0.001" /><testcase classname="test_segregation" name="test_real_warning_fault_is_assigned" time="0.001" /><testcase classname="test_segregation" name="test_critical_fault_is_assigned" time="0.001" /><testcase classname="test_segregation" name="test_normal_record_is_not_assigned" time="0.001" /><testcase classname="test_snapshot" name="test_unauthenticated_snapshot_401" time="1.203" /><testcase classname="test_snapshot" name="test_plant_manager_sees_all_machines" time="0.686" /><testcase classname="test_snapshot" name="test_field_manager_b_sees_only_zone_b" time="0.767" /><testcase classname="test_snapshot" name="test_field_manager_c_sees_only_zone_c" time="0.599" /><testcase classname="test_snapshot" name="test_field_manager_a_sees_implicit_zone_a" time="0.694" /><testcase classname="test_stats" name="test_a_technician_own_stats" time="1.721" /><testcase classname="test_stats" name="test_b_technician_other_engineer_403" time="0.558" /><testcase classname="test_stats" name="test_c_field_manager_in_and_out_of_zone" time="0.524" /><testcase classname="test_stats" name="test_d_plant_any_engineer" time="0.549" /><testcase classname="test_stats" name="test_e_no_token_and_unknown_id" time="0.588" /><testcase classname="test_stats" name="test_avg_null_when_no_resolved" time="0.473" /><testcase classname="test_strict_skills" name="test_thermal_fault_only_to_thermal" time="0.566" /><testcase classname="test_strict_skills" name="test_mechanical_fault_only_to_mechanical" time="0.010" /><testcase classname="test_strict_skills" name="test_electrical_fault_only_to_electrical" time="0.008" /><testcase classname="test_strict_skills" name="test_hydraulic_fault_only_to_hydraulic" time="0.005" /><testcase classname="test_strict_skills" name="test_no_matching_skill_leaves_unassigned" time="0.657" /></testsuite></testsuites>